#
# A fatal error has been detected by the Java Runtime Environment:
#
#  EXCEPTION_ACCESS_VIOLATION (0xc0000005) at pc=0x06980d9e, pid=3284, tid=2296
#
# JRE version: 7.0_02-b13
# Java VM: Java HotSpot(TM) Client VM (22.0-b10 mixed mode, sharing windows-x86 )
# Problematic frame:
# C  [ig4icd32.dll+0x200d9e]
#
# Failed to write core dump. Minidumps are not enabled by default on client versions of Windows
#
# If you would like to submit a bug report, please visit:
#   http://bugreport.sun.com/bugreport/crash.jsp
# The crash happened outside the Java Virtual Machine in native code.
# See problematic frame for where to report the bug.
#

---------------  T H R E A D  ---------------

Current thread (0x00c09400):  JavaThread "LWJGL Renderer Thread" [_thread_in_native, id=2296, stack(0x05800000,0x05850000)]

siginfo: ExceptionCode=0xc0000005, reading address 0x165f8004

Registers:
EAX=0x165f8000, EBX=0x0000006d, ECX=0x00000001, EDX=0x101374c0
ESP=0x0584ef1c, EBP=0x0f941760, ESI=0x00000002, EDI=0x08f50720
EIP=0x06980d9e, EFLAGS=0x00010293

Top of Stack: (sp=0x0584ef1c)
0x0584ef1c:   0000006d 0754005c 000002e4 0f941440
0x0584ef2c:   00000001 0000000c 0000006c 0754005c
0x0584ef3c:   00000001 00000003 06982c89 0754005c
0x0584ef4c:   08f50700 0000006d 0f941760 0754005c
0x0584ef5c:   0754005c 0754027f 00080038 00000000
0x0584ef6c:   00000000 100f5ab0 0682b9f4 00000606
0x0584ef7c:   000002e4 100ac7c8 0754007f 06849c5e
0x0584ef8c:   000002e3 00000606 00000000 0684a077 

Instructions: (pc=0x06980d9e)
0x06980d7e:   0f af cb 03 c1 8d 4e ff 83 f9 03 77 1d ff 24 8d
0x06980d8e:   40 0f 98 06 d9 40 0c d9 5f 0c d9 40 08 d9 5f 08
0x06980d9e:   d9 40 04 d9 5f 04 d9 00 d9 1f 8b 7c 24 10 8b 5c
0x06980dae:   24 34 8b 74 24 14 47 83 c6 0c 89 7c 24 10 89 74 


Register to memory mapping:

EAX=0x165f8000 is an unknown value
EBX=0x0000006d is an unknown value
ECX=0x00000001 is an unknown value
EDX=0x101374c0 is an unknown value
ESP=0x0584ef1c is pointing into the stack for thread: 0x00c09400
EBP=0x0f941760 is an unknown value
ESI=0x00000002 is an unknown value
EDI=0x08f50720 is an unknown value


Stack: [0x05800000,0x05850000],  sp=0x0584ef1c,  free space=315k
Native frames: (J=compiled Java code, j=interpreted, Vv=VM code, C=native code)
C  [ig4icd32.dll+0x200d9e]

Java frames: (J=compiled Java code, j=interpreted, Vv=VM code)
J  org.lwjgl.opengl.GL12.nglDrawRangeElementsBO(IIIIIJJ)V
J  org.lwjgl.opengl.GL12.glDrawRangeElements(IIIIIJ)V
J  com.jme3.renderer.lwjgl.LwjglRenderer.drawTriangleList(Lcom/jme3/scene/VertexBuffer;Lcom/jme3/scene/Mesh;I)V
J  com.jme3.renderer.lwjgl.LwjglRenderer.renderMeshDefault(Lcom/jme3/scene/Mesh;II)V
J  com.jme3.renderer.lwjgl.LwjglRenderer.renderMesh(Lcom/jme3/scene/Mesh;II)V
J  com.jme3.material.Material.renderMultipassLighting(Lcom/jme3/shader/Shader;Lcom/jme3/scene/Geometry;Lcom/jme3/renderer/RenderManager;)V
J  com.jme3.material.Material.render(Lcom/jme3/scene/Geometry;Lcom/jme3/renderer/RenderManager;)V
J  com.jme3.renderer.RenderManager.renderGeometry(Lcom/jme3/scene/Geometry;)V
J  com.jme3.renderer.queue.RenderQueue.renderGeometryList(Lcom/jme3/renderer/queue/GeometryList;Lcom/jme3/renderer/RenderManager;Lcom/jme3/renderer/Camera;Z)V
J  com.jme3.renderer.queue.RenderQueue.renderQueue(Lcom/jme3/renderer/queue/RenderQueue$Bucket;Lcom/jme3/renderer/RenderManager;Lcom/jme3/renderer/Camera;Z)V
j  com.jme3.renderer.RenderManager.renderViewPortQueues(Lcom/jme3/renderer/ViewPort;Z)V+22
J  com.jme3.renderer.RenderManager.renderViewPort(Lcom/jme3/renderer/ViewPort;F)V
J  com.jme3.renderer.RenderManager.render(FZ)V
j  com.jme3.app.SimpleApplication.update()V+174
j  com.jme3.system.lwjgl.LwjglAbstractDisplay.runLoop()V+22
j  com.jme3.system.lwjgl.LwjglDisplay.runLoop()V+67
j  com.jme3.system.lwjgl.LwjglAbstractDisplay.run()V+117
j  java.lang.Thread.run()V+11
v  ~StubRoutines::call_stub

---------------  P R O C E S S  ---------------

Java Threads: ( => current thread )
  0x00c0a000 JavaThread "jME3 Audio Thread" daemon [_thread_blocked, id=4516, stack(0x00a90000,0x00ae0000)]
  0x00c09800 JavaThread "DestroyJavaVM" [_thread_blocked, id=3004, stack(0x009f0000,0x00a40000)]
=>0x00c09400 JavaThread "LWJGL Renderer Thread" [_thread_in_native, id=2296, stack(0x05800000,0x05850000)]
  0x00c08c00 JavaThread "TimerQueue" daemon [_thread_blocked, id=3716, stack(0x05790000,0x057e0000)]
  0x00c07800 JavaThread "AWT-Windows" daemon [_thread_in_native, id=1700, stack(0x01210000,0x01260000)]
  0x00c06c00 JavaThread "Java2D Disposer" daemon [_thread_blocked, id=5596, stack(0x00a40000,0x00a90000)]
  0x00c06800 JavaThread "Service Thread" daemon [_thread_blocked, id=5932, stack(0x00950000,0x009a0000)]
  0x00c11800 JavaThread "C1 CompilerThread0" daemon [_thread_blocked, id=5556, stack(0x01130000,0x01180000)]
  0x00c06000 JavaThread "Attach Listener" daemon [_thread_blocked, id=5752, stack(0x01000000,0x01050000)]
  0x00c05c00 JavaThread "Signal Dispatcher" daemon [_thread_blocked, id=4556, stack(0x00e30000,0x00e80000)]
  0x00bf3c00 JavaThread "Finalizer" daemon [_thread_blocked, id=2436, stack(0x00dd0000,0x00e20000)]
  0x00bef000 JavaThread "Reference Handler" daemon [_thread_blocked, id=5176, stack(0x00ef0000,0x00f40000)]

Other Threads:
  0x00bed000 VMThread [stack: 0x009a0000,0x009f0000] [id=1380]
  0x00c32800 WatcherThread [stack: 0x046d0000,0x04720000] [id=3360]

VM state:not at safepoint (normal execution)

VM Mutex/Monitor currently owned by a thread: None

Heap
 def new generation   total 30272K, used 610K [0x24430000, 0x26500000, 0x29980000)
  eden space 26944K,   2% used [0x24430000, 0x244bcf18, 0x25e80000)
  from space 3328K,   1% used [0x261c0000, 0x261cbb40, 0x26500000)
  to   space 3328K,   0% used [0x25e80000, 0x25e80000, 0x261c0000)
 tenured generation   total 67148K, used 52563K [0x29980000, 0x2db13000, 0x34430000)
   the space 67148K,  78% used [0x29980000, 0x2ccd4c68, 0x2ccd4e00, 0x2db13000)
 compacting perm gen  total 12288K, used 6441K [0x34430000, 0x35030000, 0x38430000)
   the space 12288K,  52% used [0x34430000, 0x34a7a4f0, 0x34a7a600, 0x35030000)
    ro space 10240K,  45% used [0x38430000, 0x388b2710, 0x388b2800, 0x38e30000)
    rw space 12288K,  54% used [0x38e30000, 0x394b6488, 0x394b6600, 0x39a30000)

Code Cache  [0x026d0000, 0x02a98000, 0x046d0000)
 total_blobs=2174 nmethods=1855 adapters=254 free_code_cache=28913Kb largest_free_block=29606784

Dynamic libraries:
0x012a0000 - 0x012ce000 	C:\Program Files (x86)\Java\jdk1.7.0_02\jre\bin\java.exe
0x77260000 - 0x773e0000 	C:\Windows\SysWOW64\ntdll.dll
0x76450000 - 0x76560000 	C:\Windows\syswow64\kernel32.dll
0x74ec0000 - 0x74f06000 	C:\Windows\syswow64\KERNELBASE.dll
0x751d0000 - 0x75270000 	C:\Windows\syswow64\ADVAPI32.dll
0x768f0000 - 0x7699c000 	C:\Windows\syswow64\msvcrt.dll
0x75270000 - 0x75289000 	C:\Windows\SysWOW64\sechost.dll
0x750e0000 - 0x751d0000 	C:\Windows\syswow64\RPCRT4.dll
0x74940000 - 0x749a0000 	C:\Windows\syswow64\SspiCli.dll
0x74930000 - 0x7493c000 	C:\Windows\syswow64\CRYPTBASE.dll
0x752a0000 - 0x753a0000 	C:\Windows\syswow64\USER32.dll
0x765a0000 - 0x76630000 	C:\Windows\syswow64\GDI32.dll
0x763e0000 - 0x763ea000 	C:\Windows\syswow64\LPK.dll
0x74e20000 - 0x74ebd000 	C:\Windows\syswow64\USP10.dll
0x73670000 - 0x7380e000 	C:\Windows\WinSxS\x86_microsoft.windows.common-controls_6595b64144ccf1df_6.0.7601.17514_none_41e6975e2bd6f2b2\COMCTL32.dll
0x76100000 - 0x76157000 	C:\Windows\syswow64\SHLWAPI.dll
0x76350000 - 0x763b0000 	C:\Windows\system32\IMM32.DLL
0x75000000 - 0x750cc000 	C:\Windows\syswow64\MSCTF.dll
0x72a70000 - 0x72b2e000 	C:\Program Files (x86)\Java\jdk1.7.0_02\jre\bin\msvcr100.dll
0x71670000 - 0x71998000 	C:\Program Files (x86)\Java\jdk1.7.0_02\jre\bin\client\jvm.dll
0x73fe0000 - 0x73fe7000 	C:\Windows\system32\WSOCK32.dll
0x76560000 - 0x76595000 	C:\Windows\syswow64\WS2_32.dll
0x75290000 - 0x75296000 	C:\Windows\syswow64\NSI.dll
0x740b0000 - 0x740e2000 	C:\Windows\system32\WINMM.dll
0x76440000 - 0x76445000 	C:\Windows\syswow64\PSAPI.DLL
0x72eb0000 - 0x72ebc000 	C:\Program Files (x86)\Java\jdk1.7.0_02\jre\bin\verify.dll
0x72de0000 - 0x72e00000 	C:\Program Files (x86)\Java\jdk1.7.0_02\jre\bin\java.dll
0x72dc0000 - 0x72dd3000 	C:\Program Files (x86)\Java\jdk1.7.0_02\jre\bin\zip.dll
0x727d0000 - 0x72912000 	C:\Program Files (x86)\Java\jdk1.7.0_02\jre\bin\awt.dll
0x76040000 - 0x760cf000 	C:\Windows\syswow64\OLEAUT32.dll
0x76160000 - 0x762bc000 	C:\Windows\syswow64\ole32.dll
0x73560000 - 0x735e0000 	C:\Windows\system32\uxtheme.dll
0x10000000 - 0x10008000 	c:\PROGRA~2\mcafee\SITEAD~1\saHook.dll
0x73540000 - 0x73553000 	C:\Windows\system32\dwmapi.dll
0x753d0000 - 0x7601a000 	C:\Windows\syswow64\SHELL32.dll
0x72ba0000 - 0x72bca000 	C:\Program Files (x86)\Java\jdk1.7.0_02\jre\bin\fontmanager.dll
0x72bd0000 - 0x72be4000 	C:\Program Files (x86)\Java\jdk1.7.0_02\jre\bin\net.dll
0x73d50000 - 0x73d8c000 	C:\Windows\system32\mswsock.dll
0x73cb0000 - 0x73cb6000 	C:\Windows\System32\wship6.dll
0x72db0000 - 0x72dbf000 	C:\Program Files (x86)\Java\jdk1.7.0_02\jre\bin\nio.dll
0x72b60000 - 0x72b91000 	C:\Program Files (x86)\Java\jdk1.7.0_02\jre\bin\t2k.dll
0x04b10000 - 0x04b83000 	C:\Users\Computer\.jme3\natives_695b35e5\lwjgl.dll
0x72ce0000 - 0x72da8000 	C:\Windows\system32\OPENGL32.dll
0x72e50000 - 0x72e72000 	C:\Windows\system32\GLU32.dll
0x72bf0000 - 0x72cd7000 	C:\Windows\system32\DDRAW.dll
0x72e40000 - 0x72e46000 	C:\Windows\system32\DCIMAN32.dll
0x76750000 - 0x768ed000 	C:\Windows\syswow64\SETUPAPI.dll
0x760d0000 - 0x760f7000 	C:\Windows\syswow64\CFGMGR32.dll
0x76020000 - 0x76032000 	C:\Windows\syswow64\DEVOBJ.dll
0x73e00000 - 0x73e09000 	C:\Windows\system32\VERSION.dll
0x06780000 - 0x07540000 	C:\Windows\system32\ig4icd32.dll
0x6cce0000 - 0x6cd59000 	C:\Windows\system32\mscms.dll
0x74480000 - 0x74497000 	C:\Windows\system32\USERENV.dll
0x74470000 - 0x7447b000 	C:\Windows\system32\profapi.dll
0x71eb0000 - 0x71ee8000 	C:\Windows\system32\icm32.dll
0x07640000 - 0x076a6000 	C:\Users\Computer\.jme3\natives_695b35e5\OpenAL32.dll
0x762c0000 - 0x76343000 	C:\Windows\syswow64\CLBCatQ.DLL
0x740f0000 - 0x74129000 	C:\Windows\System32\MMDevApi.dll
0x731b0000 - 0x732a5000 	C:\Windows\System32\PROPSYS.dll
0x6d910000 - 0x6d982000 	C:\Windows\system32\dsound.dll
0x6cf30000 - 0x6cf55000 	C:\Windows\system32\POWRPROF.dll
0x73630000 - 0x73666000 	C:\Windows\system32\AUDIOSES.DLL
0x729b0000 - 0x729d5000 	C:\Program Files (x86)\Java\jdk1.7.0_02\jre\bin\jpeg.dll
0x71e80000 - 0x71ead000 	C:\Program Files (x86)\Java\jdk1.7.0_02\jre\bin\kcms.dll

VM Arguments:
jvm_args: -Dfile.encoding=UTF-8 
java_command: mygame.MyGame
Launcher Type: SUN_STANDARD

Environment Variables:
PATH=C:\Program Files\Common Files\Microsoft Shared\Windows Live;C:\Program Files (x86)\Common Files\Microsoft Shared\Windows Live;C:\Windows\system32;C:\Windows;C:\Windows\System32\Wbem;C:\Windows\System32\WindowsPowerShell\v1.0\;C:\Program Files (x86)\Windows Live\Shared;C:\Program Files\Trend Micro\AMSP;C:\Program Files\Intel\WiFi\bin\;C:\Program Files\Common Files\Intel\WirelessCommon\;C:\Program Files (x86)\Autodesk\Backburner\;C:\Program Files\Common Files\Autodesk Shared\
USERNAME=Computer
OS=Windows_NT
PROCESSOR_IDENTIFIER=Intel64 Family 6 Model 42 Stepping 7, GenuineIntel



---------------  S Y S T E M  ---------------

OS: Windows 7 , 64 bit Build 7601 Service Pack 1

CPU:total 4 (2 cores per cpu, 2 threads per core) family 6 model 42 stepping 7, cmov, cx8, fxsr, mmx, sse, sse2, sse3, ssse3, sse4.1, sse4.2, popcnt, ht

Memory: 4k page, physical 8297224k(5338144k free), swap 16592600k(12540804k free)

vm_info: Java HotSpot(TM) Client VM (22.0-b10) for windows-x86 JRE (1.7.0_02-b13), built on Nov 17 2011 17:17:32 by "java_re" with unknown MS VC++:1600

time: Mon Mar 12 18:35:09 2012
elapsed time: 67 seconds

