#
# A fatal error has been detected by the Java Runtime Environment:
#
#  EXCEPTION_ACCESS_VIOLATION (0xc0000005) at pc=0x069f0d9e, pid=900, tid=2084
#
# JRE version: 7.0_02-b13
# Java VM: Java HotSpot(TM) Client VM (22.0-b10 mixed mode, sharing windows-x86 )
# Problematic frame:
# C  [ig4icd32.dll+0x200d9e]
#
# Failed to write core dump. Minidumps are not enabled by default on client versions of Windows
#
# If you would like to submit a bug report, please visit:
#   http://bugreport.sun.com/bugreport/crash.jsp
# The crash happened outside the Java Virtual Machine in native code.
# See problematic frame for where to report the bug.
#

---------------  T H R E A D  ---------------

Current thread (0x0610e800):  JavaThread "LWJGL Renderer Thread" [_thread_in_native, id=2084, stack(0x06660000,0x066b0000)]

siginfo: ExceptionCode=0xc0000005, reading address 0x16623004

Registers:
EAX=0x16623000, EBX=0x000000c7, ECX=0x00000001, EDX=0x0f76b140
ESP=0x066aef4c, EBP=0x10098078, ESI=0x00000002, EDI=0x08ed0720
EIP=0x069f0d9e, EFLAGS=0x00010293

Top of Stack: (sp=0x066aef4c)
0x066aef4c:   000000c7 075b005c 000001c5 10097d58
0x066aef5c:   00000001 0000000c 000000c6 075b005c
0x066aef6c:   00000001 00000003 069f2c89 075b005c
0x066aef7c:   08ed0700 000000c7 10098078 075b005c
0x066aef8c:   075b005c 075b027f 00080038 00000000
0x066aef9c:   00000000 100f5ab0 0689b9f4 00000363
0x066aefac:   000001c5 10023cd8 075b007f 068b9c5e
0x066aefbc:   000001c4 00000363 00000000 068ba077 

Instructions: (pc=0x069f0d9e)
0x069f0d7e:   0f af cb 03 c1 8d 4e ff 83 f9 03 77 1d ff 24 8d
0x069f0d8e:   40 0f 9f 06 d9 40 0c d9 5f 0c d9 40 08 d9 5f 08
0x069f0d9e:   d9 40 04 d9 5f 04 d9 00 d9 1f 8b 7c 24 10 8b 5c
0x069f0dae:   24 34 8b 74 24 14 47 83 c6 0c 89 7c 24 10 89 74 


Register to memory mapping:

EAX=0x16623000 is an unknown value
EBX=0x000000c7 is an unknown value
ECX=0x00000001 is an unknown value
EDX=0x0f76b140 is an unknown value
ESP=0x066aef4c is pointing into the stack for thread: 0x0610e800
EBP=0x10098078 is an unknown value
ESI=0x00000002 is an unknown value
EDI=0x08ed0720 is an unknown value


Stack: [0x06660000,0x066b0000],  sp=0x066aef4c,  free space=315k
Native frames: (J=compiled Java code, j=interpreted, Vv=VM code, C=native code)
C  [ig4icd32.dll+0x200d9e]

Java frames: (J=compiled Java code, j=interpreted, Vv=VM code)
J  org.lwjgl.opengl.GL12.nglDrawRangeElementsBO(IIIIIJJ)V
J  org.lwjgl.opengl.GL12.glDrawRangeElements(IIIIIJ)V
J  com.jme3.renderer.lwjgl.LwjglRenderer.drawTriangleList(Lcom/jme3/scene/VertexBuffer;Lcom/jme3/scene/Mesh;I)V
J  com.jme3.renderer.lwjgl.LwjglRenderer.renderMeshDefault(Lcom/jme3/scene/Mesh;II)V
J  com.jme3.renderer.lwjgl.LwjglRenderer.renderMesh(Lcom/jme3/scene/Mesh;II)V
J  com.jme3.material.Material.renderMultipassLighting(Lcom/jme3/shader/Shader;Lcom/jme3/scene/Geometry;Lcom/jme3/renderer/RenderManager;)V
J  com.jme3.material.Material.render(Lcom/jme3/scene/Geometry;Lcom/jme3/renderer/RenderManager;)V
J  com.jme3.renderer.RenderManager.renderGeometry(Lcom/jme3/scene/Geometry;)V
J  com.jme3.renderer.queue.RenderQueue.renderGeometryList(Lcom/jme3/renderer/queue/GeometryList;Lcom/jme3/renderer/RenderManager;Lcom/jme3/renderer/Camera;Z)V
j  com.jme3.renderer.queue.RenderQueue.renderQueue(Lcom/jme3/renderer/queue/RenderQueue$Bucket;Lcom/jme3/renderer/RenderManager;Lcom/jme3/renderer/Camera;Z)V+68
j  com.jme3.renderer.RenderManager.renderViewPortQueues(Lcom/jme3/renderer/ViewPort;Z)V+22
J  com.jme3.renderer.RenderManager.renderViewPort(Lcom/jme3/renderer/ViewPort;F)V
j  com.jme3.renderer.RenderManager.render(FZ)V+123
j  com.jme3.app.SimpleApplication.update()V+174
j  com.jme3.system.lwjgl.LwjglAbstractDisplay.runLoop()V+22
j  com.jme3.system.lwjgl.LwjglDisplay.runLoop()V+67
j  com.jme3.system.lwjgl.LwjglAbstractDisplay.run()V+117
j  java.lang.Thread.run()V+11
v  ~StubRoutines::call_stub

---------------  P R O C E S S  ---------------

Java Threads: ( => current thread )
  0x06188000 JavaThread "jME3 Audio Thread" daemon [_thread_blocked, id=5544, stack(0x09620000,0x09670000)]
  0x00cda400 JavaThread "DestroyJavaVM" [_thread_blocked, id=3520, stack(0x009b0000,0x00a00000)]
=>0x0610e800 JavaThread "LWJGL Renderer Thread" [_thread_in_native, id=2084, stack(0x06660000,0x066b0000)]
  0x060e2800 JavaThread "TimerQueue" daemon [_thread_blocked, id=3000, stack(0x06510000,0x06560000)]
  0x0477bc00 JavaThread "AWT-Windows" daemon [_thread_in_native, id=1096, stack(0x049d0000,0x04a20000)]
  0x04759000 JavaThread "Java2D Disposer" daemon [_thread_blocked, id=5912, stack(0x04ac0000,0x04b10000)]
  0x00bb3000 JavaThread "Service Thread" daemon [_thread_blocked, id=4628, stack(0x04620000,0x04670000)]
  0x00baa000 JavaThread "C1 CompilerThread0" daemon [_thread_blocked, id=5484, stack(0x044b0000,0x04500000)]
  0x00ba8800 JavaThread "Attach Listener" daemon [_thread_blocked, id=188, stack(0x00e10000,0x00e60000)]
  0x00ba5400 JavaThread "Signal Dispatcher" daemon [_thread_blocked, id=3360, stack(0x00960000,0x009b0000)]
  0x00b90800 JavaThread "Finalizer" daemon [_thread_blocked, id=1116, stack(0x00ec0000,0x00f10000)]
  0x00b8f000 JavaThread "Reference Handler" daemon [_thread_blocked, id=4544, stack(0x00d90000,0x00de0000)]

Other Threads:
  0x00b8d000 VMThread [stack: 0x00c10000,0x00c60000] [id=5804]
  0x00bcd000 WatcherThread [stack: 0x04680000,0x046d0000] [id=5972]

VM state:not at safepoint (normal execution)

VM Mutex/Monitor currently owned by a thread: None

Heap
 def new generation   total 36160K, used 27106K [0x24430000, 0x26b60000, 0x29980000)
  eden space 32192K,  79% used [0x24430000, 0x25d2a998, 0x263a0000)
  from space 3968K,  38% used [0x263a0000, 0x2651df68, 0x26780000)
  to   space 3968K,   0% used [0x26780000, 0x26780000, 0x26b60000)
 tenured generation   total 80160K, used 49989K [0x29980000, 0x2e7c8000, 0x34430000)
   the space 80160K,  62% used [0x29980000, 0x2ca51430, 0x2ca51600, 0x2e7c8000)
 compacting perm gen  total 12288K, used 6441K [0x34430000, 0x35030000, 0x38430000)
   the space 12288K,  52% used [0x34430000, 0x34a7a5d0, 0x34a7a600, 0x35030000)
    ro space 10240K,  45% used [0x38430000, 0x388b2710, 0x388b2800, 0x38e30000)
    rw space 12288K,  54% used [0x38e30000, 0x394b6488, 0x394b6600, 0x39a30000)

Code Cache  [0x023f0000, 0x02740000, 0x043f0000)
 total_blobs=1845 nmethods=1526 adapters=254 free_code_cache=29385Kb largest_free_block=30090944

Dynamic libraries:
0x00fc0000 - 0x00fee000 	C:\Program Files (x86)\Java\jdk1.7.0_02\jre\bin\java.exe
0x77260000 - 0x773e0000 	C:\Windows\SysWOW64\ntdll.dll
0x76450000 - 0x76560000 	C:\Windows\syswow64\kernel32.dll
0x74ec0000 - 0x74f06000 	C:\Windows\syswow64\KERNELBASE.dll
0x751d0000 - 0x75270000 	C:\Windows\syswow64\ADVAPI32.dll
0x768f0000 - 0x7699c000 	C:\Windows\syswow64\msvcrt.dll
0x75270000 - 0x75289000 	C:\Windows\SysWOW64\sechost.dll
0x750e0000 - 0x751d0000 	C:\Windows\syswow64\RPCRT4.dll
0x74940000 - 0x749a0000 	C:\Windows\syswow64\SspiCli.dll
0x74930000 - 0x7493c000 	C:\Windows\syswow64\CRYPTBASE.dll
0x752a0000 - 0x753a0000 	C:\Windows\syswow64\USER32.dll
0x765a0000 - 0x76630000 	C:\Windows\syswow64\GDI32.dll
0x763e0000 - 0x763ea000 	C:\Windows\syswow64\LPK.dll
0x74e20000 - 0x74ebd000 	C:\Windows\syswow64\USP10.dll
0x73670000 - 0x7380e000 	C:\Windows\WinSxS\x86_microsoft.windows.common-controls_6595b64144ccf1df_6.0.7601.17514_none_41e6975e2bd6f2b2\COMCTL32.dll
0x76100000 - 0x76157000 	C:\Windows\syswow64\SHLWAPI.dll
0x76350000 - 0x763b0000 	C:\Windows\system32\IMM32.DLL
0x75000000 - 0x750cc000 	C:\Windows\syswow64\MSCTF.dll
0x72b30000 - 0x72bee000 	C:\Program Files (x86)\Java\jdk1.7.0_02\jre\bin\msvcr100.dll
0x6e760000 - 0x6ea88000 	C:\Program Files (x86)\Java\jdk1.7.0_02\jre\bin\client\jvm.dll
0x73fe0000 - 0x73fe7000 	C:\Windows\system32\WSOCK32.dll
0x76560000 - 0x76595000 	C:\Windows\syswow64\WS2_32.dll
0x75290000 - 0x75296000 	C:\Windows\syswow64\NSI.dll
0x740b0000 - 0x740e2000 	C:\Windows\system32\WINMM.dll
0x76440000 - 0x76445000 	C:\Windows\syswow64\PSAPI.DLL
0x72eb0000 - 0x72ebc000 	C:\Program Files (x86)\Java\jdk1.7.0_02\jre\bin\verify.dll
0x72de0000 - 0x72e00000 	C:\Program Files (x86)\Java\jdk1.7.0_02\jre\bin\java.dll
0x72dc0000 - 0x72dd3000 	C:\Program Files (x86)\Java\jdk1.7.0_02\jre\bin\zip.dll
0x729b0000 - 0x72af2000 	C:\Program Files (x86)\Java\jdk1.7.0_02\jre\bin\awt.dll
0x76040000 - 0x760cf000 	C:\Windows\syswow64\OLEAUT32.dll
0x76160000 - 0x762bc000 	C:\Windows\syswow64\ole32.dll
0x73560000 - 0x735e0000 	C:\Windows\system32\uxtheme.dll
0x10000000 - 0x10008000 	c:\PROGRA~2\mcafee\SITEAD~1\saHook.dll
0x73540000 - 0x73553000 	C:\Windows\system32\dwmapi.dll
0x753d0000 - 0x7601a000 	C:\Windows\syswow64\SHELL32.dll
0x72980000 - 0x729aa000 	C:\Program Files (x86)\Java\jdk1.7.0_02\jre\bin\fontmanager.dll
0x72b10000 - 0x72b24000 	C:\Program Files (x86)\Java\jdk1.7.0_02\jre\bin\net.dll
0x73d50000 - 0x73d8c000 	C:\Windows\system32\mswsock.dll
0x73cb0000 - 0x73cb6000 	C:\Windows\System32\wship6.dll
0x72b00000 - 0x72b0f000 	C:\Program Files (x86)\Java\jdk1.7.0_02\jre\bin\nio.dll
0x72940000 - 0x72971000 	C:\Program Files (x86)\Java\jdk1.7.0_02\jre\bin\t2k.dll
0x04cf0000 - 0x04d63000 	C:\Users\Computer\.jme3\natives_695b35e5\lwjgl.dll
0x72ce0000 - 0x72da8000 	C:\Windows\system32\OPENGL32.dll
0x72e50000 - 0x72e72000 	C:\Windows\system32\GLU32.dll
0x72bf0000 - 0x72cd7000 	C:\Windows\system32\DDRAW.dll
0x72e40000 - 0x72e46000 	C:\Windows\system32\DCIMAN32.dll
0x76750000 - 0x768ed000 	C:\Windows\syswow64\SETUPAPI.dll
0x760d0000 - 0x760f7000 	C:\Windows\syswow64\CFGMGR32.dll
0x76020000 - 0x76032000 	C:\Windows\syswow64\DEVOBJ.dll
0x73e00000 - 0x73e09000 	C:\Windows\system32\VERSION.dll
0x067f0000 - 0x075b0000 	C:\Windows\system32\ig4icd32.dll
0x6cce0000 - 0x6cd59000 	C:\Windows\system32\mscms.dll
0x74480000 - 0x74497000 	C:\Windows\system32\USERENV.dll
0x74470000 - 0x7447b000 	C:\Windows\system32\profapi.dll
0x71900000 - 0x71938000 	C:\Windows\system32\icm32.dll
0x05610000 - 0x05676000 	C:\Users\Computer\.jme3\natives_695b35e5\OpenAL32.dll
0x762c0000 - 0x76343000 	C:\Windows\syswow64\CLBCatQ.DLL
0x740f0000 - 0x74129000 	C:\Windows\System32\MMDevApi.dll
0x731b0000 - 0x732a5000 	C:\Windows\System32\PROPSYS.dll
0x6d910000 - 0x6d982000 	C:\Windows\system32\dsound.dll
0x6cf30000 - 0x6cf55000 	C:\Windows\system32\POWRPROF.dll
0x73630000 - 0x73666000 	C:\Windows\system32\AUDIOSES.DLL
0x71ee0000 - 0x71f05000 	C:\Program Files (x86)\Java\jdk1.7.0_02\jre\bin\jpeg.dll
0x71f10000 - 0x71f3d000 	C:\Program Files (x86)\Java\jdk1.7.0_02\jre\bin\kcms.dll

VM Arguments:
jvm_args: -Dfile.encoding=UTF-8 
java_command: mygame.MyGame
Launcher Type: SUN_STANDARD

Environment Variables:
PATH=C:\Program Files\Common Files\Microsoft Shared\Windows Live;C:\Program Files (x86)\Common Files\Microsoft Shared\Windows Live;C:\Windows\system32;C:\Windows;C:\Windows\System32\Wbem;C:\Windows\System32\WindowsPowerShell\v1.0\;C:\Program Files (x86)\Windows Live\Shared;C:\Program Files\Trend Micro\AMSP;C:\Program Files\Intel\WiFi\bin\;C:\Program Files\Common Files\Intel\WirelessCommon\;C:\Program Files (x86)\Autodesk\Backburner\;C:\Program Files\Common Files\Autodesk Shared\
USERNAME=Computer
OS=Windows_NT
PROCESSOR_IDENTIFIER=Intel64 Family 6 Model 42 Stepping 7, GenuineIntel



---------------  S Y S T E M  ---------------

OS: Windows 7 , 64 bit Build 7601 Service Pack 1

CPU:total 4 (2 cores per cpu, 2 threads per core) family 6 model 42 stepping 7, cmov, cx8, fxsr, mmx, sse, sse2, sse3, ssse3, sse4.1, sse4.2, popcnt, ht

Memory: 4k page, physical 8297224k(5196080k free), swap 16592600k(12450588k free)

vm_info: Java HotSpot(TM) Client VM (22.0-b10) for windows-x86 JRE (1.7.0_02-b13), built on Nov 17 2011 17:17:32 by "java_re" with unknown MS VC++:1600

time: Mon Mar 12 17:37:20 2012
elapsed time: 35 seconds

